# JRE version: OpenJDK Runtime Environment (17.0.7) (build 17.0.7+0-b2043.56-10550314)
# Java VM: OpenJDK 64-Bit Server VM (17.0.7+0-b2043.56-10550314, mixed mode, tiered, compressed oops, compressed class ptrs, g1 gc, windows-amd64)
GC Precious Log:
 CPUs: 4 total, 4 available
 Memory: 8146M
 Large Page Support: Disabled
 NUMA Support: Disabled
 Compressed Oops: Enabled (32-bit)
 Heap Region Size: 1M
 Heap Min Capacity: 8M
 Heap Initial Capacity: 128M
 Heap Max Capacity: 2G
 Pre-touch: Disabled
 Parallel Workers: 4
 Concurrent Workers: 1
 Concurrent Refinement Workers: 4
 Periodic GC: Disabled
Heap:
 garbage-first heap   total 544768K, used 203579K [0x0000000080000000, 0x0000000100000000)
  region size 1024K, 2 young (2048K), 2 survivors (2048K)
 Metaspace       used 128646K, committed 129472K, reserved 1179648K
  class space    used 17094K, committed 17536K, reserved 1048576K
GC Heap History (20 events):
Event: 43.025 GC heap after
{Heap after GC invocations=75 (full 0):
 garbage-first heap   total 427008K, used 157084K [0x0000000080000000, 0x0000000100000000)
  region size 1024K, 6 young (6144K), 6 survivors (6144K)
 Metaspace       used 126890K, committed 127744K, reserved 1179648K
  class space    used 16913K, committed 17344K, reserved 1048576K
}
Event: 43.063 GC heap before
{Heap before GC invocations=75 (full 0):
 garbage-first heap   total 427008K, used 171420K [0x0000000080000000, 0x0000000100000000)
  region size 1024K, 21 young (21504K), 6 survivors (6144K)
 Metaspace       used 126896K, committed 127744K, reserved 1179648K
  class space    used 16913K, committed 17344K, reserved 1048576K
}
Event: 43.070 GC heap after
{Heap after GC invocations=76 (full 0):
 garbage-first heap   total 427008K, used 157756K [0x0000000080000000, 0x0000000100000000)
  region size 1024K, 6 young (6144K), 6 survivors (6144K)
 Metaspace       used 126896K, committed 127744K, reserved 1179648K
  class space    used 16913K, committed 17344K, reserved 1048576K
}
Event: 44.292 GC heap before
{Heap before GC invocations=77 (full 0):
 garbage-first heap   total 427008K, used 369724K [0x0000000080000000, 0x0000000100000000)
  region size 1024K, 211 young (216064K), 6 survivors (6144K)
 Metaspace       used 127041K, committed 127872K, reserved 1179648K
  class space    used 16919K, committed 17344K, reserved 1048576K
}
Event: 44.304 GC heap after
{Heap after GC invocations=78 (full 0):
 garbage-first heap   total 427008K, used 160257K [0x0000000080000000, 0x0000000100000000)
  region size 1024K, 9 young (9216K), 9 survivors (9216K)
 Metaspace       used 127041K, committed 127872K, reserved 1179648K
  class space    used 16919K, committed 17344K, reserved 1048576K
}
Event: 44.367 GC heap before
{Heap before GC invocations=78 (full 0):
 garbage-first heap   total 427008K, used 170497K [0x0000000080000000, 0x0000000100000000)
  region size 1024K, 20 young (20480K), 9 survivors (9216K)
 Metaspace       used 127042K, committed 127872K, reserved 1179648K
  class space    used 16919K, committed 17344K, reserved 1048576K
}
Event: 44.382 GC heap after
{Heap after GC invocations=79 (full 0):
 garbage-first heap   total 427008K, used 156800K [0x0000000080000000, 0x0000000100000000)
  region size 1024K, 3 young (3072K), 3 survivors (3072K)
 Metaspace       used 127042K, committed 127872K, reserved 1179648K
  class space    used 16919K, committed 17344K, reserved 1048576K
}
Event: 45.231 GC heap before
{Heap before GC invocations=79 (full 0):
 garbage-first heap   total 427008K, used 407680K [0x0000000080000000, 0x0000000100000000)
  region size 1024K, 206 young (210944K), 3 survivors (3072K)
 Metaspace       used 128111K, committed 128960K, reserved 1179648K
  class space    used 17052K, committed 17472K, reserved 1048576K
}
Event: 45.256 GC heap after
{Heap after GC invocations=80 (full 0):
 garbage-first heap   total 435200K, used 202880K [0x0000000080000000, 0x0000000100000000)
  region size 1024K, 25 young (25600K), 25 survivors (25600K)
 Metaspace       used 128111K, committed 128960K, reserved 1179648K
  class space    used 17052K, committed 17472K, reserved 1048576K
}
Event: 45.262 GC heap before
{Heap before GC invocations=80 (full 0):
 garbage-first heap   total 435200K, used 204928K [0x0000000080000000, 0x0000000100000000)
  region size 1024K, 28 young (28672K), 25 survivors (25600K)
 Metaspace       used 128111K, committed 128960K, reserved 1179648K
  class space    used 17052K, committed 17472K, reserved 1048576K
}
Event: 45.283 GC heap after
{Heap after GC invocations=81 (full 0):
 garbage-first heap   total 435200K, used 204655K [0x0000000080000000, 0x0000000100000000)
  region size 1024K, 3 young (3072K), 3 survivors (3072K)
 Metaspace       used 128111K, committed 128960K, reserved 1179648K
  class space    used 17052K, committed 17472K, reserved 1048576K
}
Event: 45.922 GC heap before
{Heap before GC invocations=82 (full 0):
 garbage-first heap   total 435200K, used 334703K [0x0000000080000000, 0x0000000100000000)
  region size 1024K, 139 young (142336K), 3 survivors (3072K)
 Metaspace       used 128492K, committed 129408K, reserved 1179648K
  class space    used 17082K, committed 17536K, reserved 1048576K
}
Event: 45.969 GC heap after
{Heap after GC invocations=83 (full 0):
 garbage-first heap   total 435200K, used 241664K [0x0000000080000000, 0x0000000100000000)
  region size 1024K, 18 young (18432K), 18 survivors (18432K)
 Metaspace       used 128492K, committed 129408K, reserved 1179648K
  class space    used 17082K, committed 17536K, reserved 1048576K
}
Event: 46.011 GC heap before
{Heap before GC invocations=83 (full 0):
 garbage-first heap   total 435200K, used 244736K [0x0000000080000000, 0x0000000100000000)
  region size 1024K, 21 young (21504K), 18 survivors (18432K)
 Metaspace       used 128492K, committed 129408K, reserved 1179648K
  class space    used 17082K, committed 17536K, reserved 1048576K
}
Event: 46.059 GC heap after
{Heap after GC invocations=84 (full 0):
 garbage-first heap   total 435200K, used 224768K [0x0000000080000000, 0x0000000100000000)
  region size 1024K, 3 young (3072K), 3 survivors (3072K)
 Metaspace       used 128492K, committed 129408K, reserved 1179648K
  class space    used 17082K, committed 17536K, reserved 1048576K
}
Event: 46.313 GC heap before
{Heap before GC invocations=84 (full 0):
 garbage-first heap   total 435200K, used 258560K [0x0000000080000000, 0x0000000100000000)
  region size 1024K, 37 young (37888K), 3 survivors (3072K)
 Metaspace       used 128636K, committed 129472K, reserved 1179648K
  class space    used 17094K, committed 17536K, reserved 1048576K
}
Event: 46.323 GC heap after
{Heap after GC invocations=85 (full 0):
 garbage-first heap   total 435200K, used 227046K [0x0000000080000000, 0x0000000100000000)
  region size 1024K, 6 young (6144K), 6 survivors (6144K)
 Metaspace       used 128636K, committed 129472K, reserved 1179648K
  class space    used 17094K, committed 17536K, reserved 1048576K
}
Event: 46.871 GC heap before
{Heap before GC invocations=86 (full 0):
 garbage-first heap   total 445440K, used 325350K [0x0000000080000000, 0x0000000100000000)
  region size 1024K, 113 young (115712K), 6 survivors (6144K)
 Metaspace       used 128646K, committed 129472K, reserved 1179648K
  class space    used 17094K, committed 17536K, reserved 1048576K
}
Event: 46.885 GC heap after
{Heap after GC invocations=87 (full 0):
 garbage-first heap   total 445440K, used 221380K [0x0000000080000000, 0x0000000100000000)
  region size 1024K, 11 young (11264K), 11 survivors (11264K)
 Metaspace       used 128646K, committed 129472K, reserved 1179648K
  class space    used 17094K, committed 17536K, reserved 1048576K
}
Event: 46.909 GC heap before
{Heap before GC invocations=87 (full 0):
 garbage-first heap   total 445440K, used 231620K [0x0000000080000000, 0x0000000100000000)
  region size 1024K, 21 young (21504K), 11 survivors (11264K)
 Metaspace       used 128646K, committed 129472K, reserved 1179648K
  class space    used 17094K, committed 17536K, reserved 1048576K
}

