# JRE version: OpenJDK Runtime Environment (17.0.7) (build 17.0.7+0-b2043.56-10550314)
# Java VM: OpenJDK 64-Bit Server VM (17.0.7+0-b2043.56-10550314, mixed mode, tiered, compressed oops, compressed class ptrs, g1 gc, windows-amd64)
GC Precious Log:
 CPUs: 4 total, 4 available
 Memory: 8146M
 Large Page Support: Disabled
 NUMA Support: Disabled
 Compressed Oops: Enabled (32-bit)
 Heap Region Size: 1M
 Heap Min Capacity: 8M
 Heap Initial Capacity: 128M
 Heap Max Capacity: 2G
 Pre-touch: Disabled
 Parallel Workers: 4
 Concurrent Workers: 1
 Concurrent Refinement Workers: 4
 Periodic GC: Disabled
Heap:
 garbage-first heap   total 396288K, used 215734K [0x0000000080000000, 0x0000000100000000)
  region size 1024K, 1 young (1024K), 1 survivors (1024K)
 Metaspace       used 123755K, committed 124544K, reserved 1179648K
  class space    used 16973K, committed 17344K, reserved 1048576K
GC Heap History (20 events):
Event: 15.941 GC heap after
{Heap after GC invocations=34 (full 0):
 garbage-first heap   total 239616K, used 113370K [0x0000000080000000, 0x0000000100000000)
  region size 1024K, 13 young (13312K), 13 survivors (13312K)
 Metaspace       used 109311K, committed 110016K, reserved 1179648K
  class space    used 14869K, committed 15232K, reserved 1048576K
}
Event: 15.956 GC heap before
{Heap before GC invocations=34 (full 0):
 garbage-first heap   total 239616K, used 125658K [0x0000000080000000, 0x0000000100000000)
  region size 1024K, 21 young (21504K), 13 survivors (13312K)
 Metaspace       used 109359K, committed 110080K, reserved 1179648K
  class space    used 14874K, committed 15232K, reserved 1048576K
}
Event: 15.967 GC heap after
{Heap after GC invocations=35 (full 0):
 garbage-first heap   total 239616K, used 118245K [0x0000000080000000, 0x0000000100000000)
  region size 1024K, 9 young (9216K), 9 survivors (9216K)
 Metaspace       used 109359K, committed 110080K, reserved 1179648K
  class space    used 14874K, committed 15232K, reserved 1048576K
}
Event: 16.600 GC heap before
{Heap before GC invocations=36 (full 0):
 garbage-first heap   total 240640K, used 207333K [0x0000000080000000, 0x0000000100000000)
  region size 1024K, 83 young (84992K), 9 survivors (9216K)
 Metaspace       used 116178K, committed 116992K, reserved 1179648K
  class space    used 15953K, committed 16320K, reserved 1048576K
}
Event: 16.618 GC heap after
{Heap after GC invocations=37 (full 0):
 garbage-first heap   total 240640K, used 134604K [0x0000000080000000, 0x0000000100000000)
  region size 1024K, 11 young (11264K), 11 survivors (11264K)
 Metaspace       used 116178K, committed 116992K, reserved 1179648K
  class space    used 15953K, committed 16320K, reserved 1048576K
}
Event: 17.084 GC heap before
{Heap before GC invocations=37 (full 0):
 garbage-first heap   total 240640K, used 173516K [0x0000000080000000, 0x0000000100000000)
  region size 1024K, 51 young (52224K), 11 survivors (11264K)
 Metaspace       used 119381K, committed 120192K, reserved 1179648K
  class space    used 16426K, committed 16832K, reserved 1048576K
}
Event: 17.112 GC heap after
{Heap after GC invocations=38 (full 0):
 garbage-first heap   total 240640K, used 141283K [0x0000000080000000, 0x0000000100000000)
  region size 1024K, 7 young (7168K), 7 survivors (7168K)
 Metaspace       used 119381K, committed 120192K, reserved 1179648K
  class space    used 16426K, committed 16832K, reserved 1048576K
}
Event: 17.583 GC heap before
{Heap before GC invocations=39 (full 0):
 garbage-first heap   total 266240K, used 194531K [0x0000000080000000, 0x0000000100000000)
  region size 1024K, 58 young (59392K), 7 survivors (7168K)
 Metaspace       used 121336K, committed 122176K, reserved 1179648K
  class space    used 16755K, committed 17152K, reserved 1048576K
}
Event: 17.604 GC heap after
{Heap after GC invocations=40 (full 0):
 garbage-first heap   total 266240K, used 157439K [0x0000000080000000, 0x0000000100000000)
  region size 1024K, 8 young (8192K), 8 survivors (8192K)
 Metaspace       used 121336K, committed 122176K, reserved 1179648K
  class space    used 16755K, committed 17152K, reserved 1048576K
}
Event: 17.639 GC heap before
{Heap before GC invocations=40 (full 0):
 garbage-first heap   total 266240K, used 161535K [0x0000000080000000, 0x0000000100000000)
  region size 1024K, 13 young (13312K), 8 survivors (8192K)
 Metaspace       used 121362K, committed 122176K, reserved 1179648K
  class space    used 16757K, committed 17152K, reserved 1048576K
}
Event: 17.660 GC heap after
{Heap after GC invocations=41 (full 0):
 garbage-first heap   total 353280K, used 160768K [0x0000000080000000, 0x0000000100000000)
  region size 1024K, 2 young (2048K), 2 survivors (2048K)
 Metaspace       used 121362K, committed 122176K, reserved 1179648K
  class space    used 16757K, committed 17152K, reserved 1048576K
}
Event: 18.642 GC heap before
{Heap before GC invocations=41 (full 0):
 garbage-first heap   total 353280K, used 260096K [0x0000000080000000, 0x0000000100000000)
  region size 1024K, 99 young (101376K), 2 survivors (2048K)
 Metaspace       used 121881K, committed 122624K, reserved 1179648K
  class space    used 16793K, committed 17152K, reserved 1048576K
}
Event: 18.700 GC heap after
{Heap after GC invocations=42 (full 0):
 garbage-first heap   total 353280K, used 204275K [0x0000000080000000, 0x0000000100000000)
  region size 1024K, 13 young (13312K), 13 survivors (13312K)
 Metaspace       used 121881K, committed 122624K, reserved 1179648K
  class space    used 16793K, committed 17152K, reserved 1048576K
}
Event: 19.357 GC heap before
{Heap before GC invocations=42 (full 0):
 garbage-first heap   total 353280K, used 266739K [0x0000000080000000, 0x0000000100000000)
  region size 1024K, 75 young (76800K), 13 survivors (13312K)
 Metaspace       used 122765K, committed 123520K, reserved 1179648K
  class space    used 16892K, committed 17280K, reserved 1048576K
}
Event: 19.383 GC heap after
{Heap after GC invocations=43 (full 0):
 garbage-first heap   total 353280K, used 212440K [0x0000000080000000, 0x0000000100000000)
  region size 1024K, 7 young (7168K), 7 survivors (7168K)
 Metaspace       used 122765K, committed 123520K, reserved 1179648K
  class space    used 16892K, committed 17280K, reserved 1048576K
}
Event: 20.408 GC heap before
{Heap before GC invocations=43 (full 0):
 garbage-first heap   total 353280K, used 276952K [0x0000000080000000, 0x0000000100000000)
  region size 1024K, 68 young (69632K), 7 survivors (7168K)
 Metaspace       used 123137K, committed 123904K, reserved 1179648K
  class space    used 16901K, committed 17280K, reserved 1048576K
}
Event: 20.424 GC heap after
{Heap after GC invocations=44 (full 0):
 garbage-first heap   total 353280K, used 219392K [0x0000000080000000, 0x0000000100000000)
  region size 1024K, 7 young (7168K), 7 survivors (7168K)
 Metaspace       used 123137K, committed 123904K, reserved 1179648K
  class space    used 16901K, committed 17280K, reserved 1048576K
}
Event: 21.329 GC heap before
{Heap before GC invocations=45 (full 0):
 garbage-first heap   total 396288K, used 275712K [0x0000000080000000, 0x0000000100000000)
  region size 1024K, 65 young (66560K), 7 survivors (7168K)
 Metaspace       used 123746K, committed 124544K, reserved 1179648K
  class space    used 16972K, committed 17344K, reserved 1048576K
}
Event: 21.341 GC heap after
{Heap after GC invocations=46 (full 0):
 garbage-first heap   total 396288K, used 215168K [0x0000000080000000, 0x0000000100000000)
  region size 1024K, 4 young (4096K), 4 survivors (4096K)
 Metaspace       used 123746K, committed 124544K, reserved 1179648K
  class space    used 16972K, committed 17344K, reserved 1048576K
}
Event: 21.532 GC heap before
{Heap before GC invocations=46 (full 0):
 garbage-first heap   total 396288K, used 233600K [0x0000000080000000, 0x0000000100000000)
  region size 1024K, 19 young (19456K), 4 survivors (4096K)
 Metaspace       used 123755K, committed 124544K, reserved 1179648K
  class space    used 16973K, committed 17344K, reserved 1048576K
}

