# JRE version: OpenJDK Runtime Environment (17.0.7) (build 17.0.7+0-b2043.56-10550314)
# Java VM: OpenJDK 64-Bit Server VM (17.0.7+0-b2043.56-10550314, mixed mode, tiered, compressed oops, compressed class ptrs, g1 gc, windows-amd64)
GC Precious Log:
 CPUs: 4 total, 4 available
 Memory: 8146M
 Large Page Support: Disabled
 NUMA Support: Disabled
 Compressed Oops: Enabled (32-bit)
 Heap Region Size: 1M
 Heap Min Capacity: 8M
 Heap Initial Capacity: 128M
 Heap Max Capacity: 2G
 Pre-touch: Disabled
 Parallel Workers: 4
 Concurrent Workers: 1
 Concurrent Refinement Workers: 4
 Periodic GC: Disabled
Heap:
 garbage-first heap   total 278528K, used 193536K [0x0000000080000000, 0x0000000100000000)
  region size 1024K, 1 young (1024K), 1 survivors (1024K)
 Metaspace       used 103496K, committed 104192K, reserved 1179648K
  class space    used 14376K, committed 14720K, reserved 1048576K
GC Heap History (20 events):
Event: 10.320 GC heap after
{Heap after GC invocations=29 (full 0):
 garbage-first heap   total 155648K, used 83990K [0x0000000080000000, 0x0000000100000000)
  region size 1024K, 5 young (5120K), 5 survivors (5120K)
 Metaspace       used 92513K, committed 93184K, reserved 1179648K
  class space    used 12791K, committed 13120K, reserved 1048576K
}
Event: 10.801 GC heap before
{Heap before GC invocations=30 (full 0):
 garbage-first heap   total 162816K, used 125974K [0x0000000080000000, 0x0000000100000000)
  region size 1024K, 47 young (48128K), 5 survivors (5120K)
 Metaspace       used 93072K, committed 93696K, reserved 1179648K
  class space    used 12831K, committed 13120K, reserved 1048576K
}
Event: 10.808 GC heap after
{Heap after GC invocations=31 (full 0):
 garbage-first heap   total 162816K, used 86935K [0x0000000080000000, 0x0000000100000000)
  region size 1024K, 3 young (3072K), 3 survivors (3072K)
 Metaspace       used 93072K, committed 93696K, reserved 1179648K
  class space    used 12831K, committed 13120K, reserved 1048576K
}
Event: 11.192 GC heap before
{Heap before GC invocations=31 (full 0):
 garbage-first heap   total 162816K, used 116631K [0x0000000080000000, 0x0000000100000000)
  region size 1024K, 34 young (34816K), 3 survivors (3072K)
 Metaspace       used 93320K, committed 94016K, reserved 1179648K
  class space    used 12867K, committed 13184K, reserved 1048576K
}
Event: 11.198 GC heap after
{Heap after GC invocations=32 (full 0):
 garbage-first heap   total 162816K, used 88983K [0x0000000080000000, 0x0000000100000000)
  region size 1024K, 5 young (5120K), 5 survivors (5120K)
 Metaspace       used 93320K, committed 94016K, reserved 1179648K
  class space    used 12867K, committed 13184K, reserved 1048576K
}
Event: 11.408 GC heap before
{Heap before GC invocations=33 (full 0):
 garbage-first heap   total 171008K, used 107415K [0x0000000080000000, 0x0000000100000000)
  region size 1024K, 20 young (20480K), 5 survivors (5120K)
 Metaspace       used 94436K, committed 95104K, reserved 1179648K
  class space    used 12947K, committed 13248K, reserved 1048576K
}
Event: 11.414 GC heap after
{Heap after GC invocations=34 (full 0):
 garbage-first heap   total 171008K, used 89303K [0x0000000080000000, 0x0000000100000000)
  region size 1024K, 3 young (3072K), 3 survivors (3072K)
 Metaspace       used 94436K, committed 95104K, reserved 1179648K
  class space    used 12947K, committed 13248K, reserved 1048576K
}
Event: 11.800 GC heap before
{Heap before GC invocations=35 (full 0):
 garbage-first heap   total 188416K, used 177367K [0x0000000080000000, 0x0000000100000000)
  region size 1024K, 52 young (53248K), 3 survivors (3072K)
 Metaspace       used 98026K, committed 98752K, reserved 1179648K
  class space    used 13472K, committed 13824K, reserved 1048576K
}
Event: 11.809 GC heap after
{Heap after GC invocations=36 (full 0):
 garbage-first heap   total 193536K, used 122880K [0x0000000080000000, 0x0000000100000000)
  region size 1024K, 7 young (7168K), 7 survivors (7168K)
 Metaspace       used 98026K, committed 98752K, reserved 1179648K
  class space    used 13472K, committed 13824K, reserved 1048576K
}
Event: 11.819 GC heap before
{Heap before GC invocations=36 (full 0):
 garbage-first heap   total 193536K, used 124928K [0x0000000080000000, 0x0000000100000000)
  region size 1024K, 9 young (9216K), 7 survivors (7168K)
 Metaspace       used 98029K, committed 98752K, reserved 1179648K
  class space    used 13472K, committed 13824K, reserved 1048576K
}
Event: 11.827 GC heap after
{Heap after GC invocations=37 (full 0):
 garbage-first heap   total 238592K, used 123687K [0x0000000080000000, 0x0000000100000000)
  region size 1024K, 2 young (2048K), 2 survivors (2048K)
 Metaspace       used 98029K, committed 98752K, reserved 1179648K
  class space    used 13472K, committed 13824K, reserved 1048576K
}
Event: 12.228 GC heap before
{Heap before GC invocations=37 (full 0):
 garbage-first heap   total 238592K, used 185127K [0x0000000080000000, 0x0000000100000000)
  region size 1024K, 61 young (62464K), 2 survivors (2048K)
 Metaspace       used 100624K, committed 101312K, reserved 1179648K
  class space    used 14004K, committed 14336K, reserved 1048576K
}
Event: 12.252 GC heap after
{Heap after GC invocations=38 (full 0):
 garbage-first heap   total 238592K, used 145995K [0x0000000080000000, 0x0000000100000000)
  region size 1024K, 8 young (8192K), 8 survivors (8192K)
 Metaspace       used 100624K, committed 101312K, reserved 1179648K
  class space    used 14004K, committed 14336K, reserved 1048576K
}
Event: 12.557 GC heap before
{Heap before GC invocations=39 (full 0):
 garbage-first heap   total 278528K, used 189003K [0x0000000080000000, 0x0000000100000000)
  region size 1024K, 50 young (51200K), 8 survivors (8192K)
 Metaspace       used 100677K, committed 101312K, reserved 1179648K
  class space    used 14008K, committed 14336K, reserved 1048576K
}
Event: 12.589 GC heap after
{Heap after GC invocations=40 (full 0):
 garbage-first heap   total 278528K, used 167901K [0x0000000080000000, 0x0000000100000000)
  region size 1024K, 7 young (7168K), 7 survivors (7168K)
 Metaspace       used 100677K, committed 101312K, reserved 1179648K
  class space    used 14008K, committed 14336K, reserved 1048576K
}
Event: 12.621 GC heap before
{Heap before GC invocations=40 (full 0):
 garbage-first heap   total 278528K, used 174045K [0x0000000080000000, 0x0000000100000000)
  region size 1024K, 13 young (13312K), 7 survivors (7168K)
 Metaspace       used 100677K, committed 101312K, reserved 1179648K
  class space    used 14008K, committed 14336K, reserved 1048576K
}
Event: 12.635 GC heap after
{Heap after GC invocations=41 (full 0):
 garbage-first heap   total 278528K, used 171520K [0x0000000080000000, 0x0000000100000000)
  region size 1024K, 2 young (2048K), 2 survivors (2048K)
 Metaspace       used 100677K, committed 101312K, reserved 1179648K
  class space    used 14008K, committed 14336K, reserved 1048576K
}
Event: 12.815 GC heap before
{Heap before GC invocations=41 (full 0):
 garbage-first heap   total 278528K, used 213504K [0x0000000080000000, 0x0000000100000000)
  region size 1024K, 43 young (44032K), 2 survivors (2048K)
 Metaspace       used 101156K, committed 101888K, reserved 1179648K
  class space    used 14073K, committed 14400K, reserved 1048576K
}
Event: 12.834 GC heap after
{Heap after GC invocations=42 (full 0):
 garbage-first heap   total 278528K, used 191488K [0x0000000080000000, 0x0000000100000000)
  region size 1024K, 6 young (6144K), 6 survivors (6144K)
 Metaspace       used 101156K, committed 101888K, reserved 1179648K
  class space    used 14073K, committed 14400K, reserved 1048576K
}
Event: 13.059 GC heap before
{Heap before GC invocations=42 (full 0):
 garbage-first heap   total 278528K, used 219136K [0x0000000080000000, 0x0000000100000000)
  region size 1024K, 34 young (34816K), 6 survivors (6144K)
 Metaspace       used 103496K, committed 104192K, reserved 1179648K
  class space    used 14376K, committed 14720K, reserved 1048576K
}

